# JRE version: OpenJDK Runtime Environment (8.0_222-b10) (build 1.8.0_222-8u222-b10-1ubuntu1~18.04.1-b10)
# Java VM: OpenJDK 64-Bit Server VM (25.222-b10 mixed mode linux-amd64 compressed oops)
Heap:
 PSYoungGen      total 271872K, used 11203K [0x00000000ebf00000, 0x0000000100000000, 0x0000000100000000)
  eden space 252416K, 0% used [0x00000000ebf00000,0x00000000ebf00000,0x00000000fb580000)
  from space 19456K, 57% used [0x00000000fb580000,0x00000000fc070e10,0x00000000fc880000)
  to   space 34816K, 0% used [0x00000000fde00000,0x00000000fde00000,0x0000000100000000)
 ParOldGen       total 65024K, used 64643K [0x00000000c3c00000, 0x00000000c7b80000, 0x00000000ebf00000)
  object space 65024K, 99% used [0x00000000c3c00000,0x00000000c7b20e90,0x00000000c7b80000)
 Metaspace       used 28825K, capacity 29880K, committed 30080K, reserved 1075200K
  class space    used 3151K, capacity 3359K, committed 3456K, reserved 1048576K
GC Heap History (10 events):
Event: 10,268 GC heap after
Heap after GC invocations=10 (full 0):
 PSYoungGen      total 209920K, used 6823K [0x00000000ebf00000, 0x00000000f9a00000, 0x0000000100000000)
  eden space 197632K, 0% used [0x00000000ebf00000,0x00000000ebf00000,0x00000000f8000000)
  from space 12288K, 55% used [0x00000000f8e00000,0x00000000f94a9ee8,0x00000000f9a00000)
  to   space 13312K, 0% used [0x00000000f8000000,0x00000000f8000000,0x00000000f8d00000)
 ParOldGen       total 42496K, used 21704K [0x00000000c3c00000, 0x00000000c6580000, 0x00000000ebf00000)
  object space 42496K, 51% used [0x00000000c3c00000,0x00000000c5132278,0x00000000c6580000)
 Metaspace       used 20516K, capacity 21194K, committed 21248K, reserved 1069056K
  class space    used 2369K, capacity 2559K, committed 2560K, reserved 1048576K
}
Event: 10,268 GC heap before
{Heap before GC invocations=11 (full 1):
 PSYoungGen      total 209920K, used 6823K [0x00000000ebf00000, 0x00000000f9a00000, 0x0000000100000000)
  eden space 197632K, 0% used [0x00000000ebf00000,0x00000000ebf00000,0x00000000f8000000)
  from space 12288K, 55% used [0x00000000f8e00000,0x00000000f94a9ee8,0x00000000f9a00000)
  to   space 13312K, 0% used [0x00000000f8000000,0x00000000f8000000,0x00000000f8d00000)
 ParOldGen       total 42496K, used 21704K [0x00000000c3c00000, 0x00000000c6580000, 0x00000000ebf00000)
  object space 42496K, 51% used [0x00000000c3c00000,0x00000000c5132278,0x00000000c6580000)
 Metaspace       used 20516K, capacity 21194K, committed 21248K, reserved 1069056K
  class space    used 2369K, capacity 2559K, committed 2560K, reserved 1048576K
Event: 10,465 GC heap after
Heap after GC invocations=11 (full 1):
 PSYoungGen      total 209920K, used 0K [0x00000000ebf00000, 0x00000000f9a00000, 0x0000000100000000)
  eden space 197632K, 0% used [0x00000000ebf00000,0x00000000ebf00000,0x00000000f8000000)
  from space 12288K, 0% used [0x00000000f8e00000,0x00000000f8e00000,0x00000000f9a00000)
  to   space 13312K, 0% used [0x00000000f8000000,0x00000000f8000000,0x00000000f8d00000)
 ParOldGen       total 50176K, used 21218K [0x00000000c3c00000, 0x00000000c6d00000, 0x00000000ebf00000)
  object space 50176K, 42% used [0x00000000c3c00000,0x00000000c50b8ab0,0x00000000c6d00000)
 Metaspace       used 20516K, capacity 21194K, committed 21248K, reserved 1069056K
  class space    used 2369K, capacity 2559K, committed 2560K, reserved 1048576K
}
Event: 11,895 GC heap before
{Heap before GC invocations=12 (full 1):
 PSYoungGen      total 209920K, used 197632K [0x00000000ebf00000, 0x00000000f9a00000, 0x0000000100000000)
  eden space 197632K, 100% used [0x00000000ebf00000,0x00000000f8000000,0x00000000f8000000)
  from space 12288K, 0% used [0x00000000f8e00000,0x00000000f8e00000,0x00000000f9a00000)
  to   space 13312K, 0% used [0x00000000f8000000,0x00000000f8000000,0x00000000f8d00000)
 ParOldGen       total 50176K, used 21218K [0x00000000c3c00000, 0x00000000c6d00000, 0x00000000ebf00000)
  object space 50176K, 42% used [0x00000000c3c00000,0x00000000c50b8ab0,0x00000000c6d00000)
 Metaspace       used 20914K, capacity 21674K, committed 21888K, reserved 1069056K
  class space    used 2397K, capacity 2591K, committed 2688K, reserved 1048576K
Event: 11,897 GC heap after
Heap after GC invocations=12 (full 1):
 PSYoungGen      total 210944K, used 939K [0x00000000ebf00000, 0x00000000fd600000, 0x0000000100000000)
  eden space 197632K, 0% used [0x00000000ebf00000,0x00000000ebf00000,0x00000000f8000000)
  from space 13312K, 7% used [0x00000000f8000000,0x00000000f80eafb0,0x00000000f8d00000)
  to   space 13824K, 0% used [0x00000000fc880000,0x00000000fc880000,0x00000000fd600000)
 ParOldGen       total 50176K, used 21226K [0x00000000c3c00000, 0x00000000c6d00000, 0x00000000ebf00000)
  object space 50176K, 42% used [0x00000000c3c00000,0x00000000c50baab0,0x00000000c6d00000)
 Metaspace       used 20914K, capacity 21674K, committed 21888K, reserved 1069056K
  class space    used 2397K, capacity 2591K, committed 2688K, reserved 1048576K
}
Event: 16,420 GC heap before
{Heap before GC invocations=13 (full 1):
 PSYoungGen      total 210944K, used 198571K [0x00000000ebf00000, 0x00000000fd600000, 0x0000000100000000)
  eden space 197632K, 100% used [0x00000000ebf00000,0x00000000f8000000,0x00000000f8000000)
  from space 13312K, 7% used [0x00000000f8000000,0x00000000f80eafb0,0x00000000f8d00000)
  to   space 13824K, 0% used [0x00000000fc880000,0x00000000fc880000,0x00000000fd600000)
 ParOldGen       total 50176K, used 21226K [0x00000000c3c00000, 0x00000000c6d00000, 0x00000000ebf00000)
  object space 50176K, 42% used [0x00000000c3c00000,0x00000000c50baab0,0x00000000c6d00000)
 Metaspace       used 26005K, capacity 27064K, committed 27392K, reserved 1073152K
  class space    used 2994K, capacity 3231K, committed 3328K, reserved 1048576K
Event: 16,530 GC heap after
Heap after GC invocations=13 (full 1):
 PSYoungGen      total 266240K, used 13815K [0x00000000ebf00000, 0x00000000fe280000, 0x0000000100000000)
  eden space 252416K, 0% used [0x00000000ebf00000,0x00000000ebf00000,0x00000000fb580000)
  from space 13824K, 99% used [0x00000000fc880000,0x00000000fd5fde20,0x00000000fd600000)
  to   space 19456K, 0% used [0x00000000fb580000,0x00000000fb580000,0x00000000fc880000)
 ParOldGen       total 50176K, used 31297K [0x00000000c3c00000, 0x00000000c6d00000, 0x00000000ebf00000)
  object space 50176K, 62% used [0x00000000c3c00000,0x00000000c5a90470,0x00000000c6d00000)
 Metaspace       used 26005K, capacity 27064K, committed 27392K, reserved 1073152K
  class space    used 2994K, capacity 3231K, committed 3328K, reserved 1048576K
}
Event: 22,815 GC heap before
{Heap before GC invocations=14 (full 1):
 PSYoungGen      total 266240K, used 266231K [0x00000000ebf00000, 0x00000000fe280000, 0x0000000100000000)
  eden space 252416K, 100% used [0x00000000ebf00000,0x00000000fb580000,0x00000000fb580000)
  from space 13824K, 99% used [0x00000000fc880000,0x00000000fd5fde20,0x00000000fd600000)
  to   space 19456K, 0% used [0x00000000fb580000,0x00000000fb580000,0x00000000fc880000)
 ParOldGen       total 50176K, used 31297K [0x00000000c3c00000, 0x00000000c6d00000, 0x00000000ebf00000)
  object space 50176K, 62% used [0x00000000c3c00000,0x00000000c5a90470,0x00000000c6d00000)
 Metaspace       used 28825K, capacity 29880K, committed 30080K, reserved 1075200K
  class space    used 3151K, capacity 3359K, committed 3456K, reserved 1048576K
Event: 23,038 GC heap after
Heap after GC invocations=14 (full 1):
 PSYoungGen      total 271872K, used 19454K [0x00000000ebf00000, 0x0000000100000000, 0x0000000100000000)
  eden space 252416K, 0% used [0x00000000ebf00000,0x00000000ebf00000,0x00000000fb580000)
  from space 19456K, 99% used [0x00000000fb580000,0x00000000fc87fa08,0x00000000fc880000)
  to   space 34816K, 0% used [0x00000000fde00000,0x00000000fde00000,0x0000000100000000)
 ParOldGen       total 65024K, used 64560K [0x00000000c3c00000, 0x00000000c7b80000, 0x00000000ebf00000)
  object space 65024K, 99% used [0x00000000c3c00000,0x00000000c7b0c1f0,0x00000000c7b80000)
 Metaspace       used 28825K, capacity 29880K, committed 30080K, reserved 1075200K
  class space    used 3151K, capacity 3359K, committed 3456K, reserved 1048576K
}
Event: 23,079 GC heap before
{Heap before GC invocations=15 (full 2):
 PSYoungGen      total 271872K, used 19454K [0x00000000ebf00000, 0x0000000100000000, 0x0000000100000000)
  eden space 252416K, 0% used [0x00000000ebf00000,0x00000000ebf00000,0x00000000fb580000)
  from space 19456K, 99% used [0x00000000fb580000,0x00000000fc87fa08,0x00000000fc880000)
  to   space 34816K, 0% used [0x00000000fde00000,0x00000000fde00000,0x0000000100000000)
 ParOldGen       total 65024K, used 64560K [0x00000000c3c00000, 0x00000000c7b80000, 0x00000000ebf00000)
  object space 65024K, 99% used [0x00000000c3c00000,0x00000000c7b0c1f0,0x00000000c7b80000)
 Metaspace       used 28825K, capacity 29880K, committed 30080K, reserved 1075200K
  class space    used 3151K, capacity 3359K, committed 3456K, reserved 1048576K

